<?xml version="1.0" encoding="UTF-8"?>
<testng-results ignored="0" total="2" passed="2" failed="0" skipped="0">
  <reporter-output>
    <line>
      <![CDATA[create Customer]]>
    </line>
    <line>
      <![CDATA[Delete Customer]]>
    </line>
  </reporter-output>
  <suite started-at="2024-01-05T12:50:24 IST" name="Default suite" finished-at="2024-01-05T12:50:24 IST" duration-ms="219">
    <groups>
    </groups>
    <test started-at="2024-01-05T12:50:24 IST" name="Default test" finished-at="2024-01-05T12:50:24 IST" duration-ms="219">
      <class name="com.actitime.testscript.CustomerModule">
        <test-method signature="CreateCustomer()[pri:0, instance:com.actitime.testscript.CustomerModule@437da279]" started-at="2024-01-05T12:50:24 IST" name="CreateCustomer" finished-at="2024-01-05T12:50:24 IST" duration-ms="33" status="PASS">
          <reporter-output>
            <line>
              <![CDATA[create Customer]]>
            </line>
          </reporter-output>
        </test-method> <!-- CreateCustomer -->
        <test-method signature="DeleteCustomer()[pri:0, instance:com.actitime.testscript.CustomerModule@437da279]" started-at="2024-01-05T12:50:24 IST" name="DeleteCustomer" finished-at="2024-01-05T12:50:24 IST" duration-ms="2" status="PASS">
          <reporter-output>
            <line>
              <![CDATA[Delete Customer]]>
            </line>
          </reporter-output>
        </test-method> <!-- DeleteCustomer -->
      </class> <!-- com.actitime.testscript.CustomerModule -->
    </test> <!-- Default test -->
  </suite> <!-- Default suite -->
</testng-results>
